<?xml version="1.0" encoding="UTF-8"?>
<robot generator="Robot 6.0.2 (Python 3.10.6 on linux)" generated="20230613 16:56:38.760" rpa="false" schemaversion="3">
<suite id="s1" name="Assignment1" source="/home/munnfaye/besquare_2023/QA_Module/tests/assignment1.robot">
<test id="s1-t1" name="Create Read Token" line="58">
<kw name="Login">
<kw name="Open Browser" library="SeleniumLibrary">
<arg>https://app.deriv.com</arg>
<arg>Chrome</arg>
<doc>Opens a new browser instance to the optional ``url``.</doc>
<msg timestamp="20230613 16:56:38.873" level="INFO">Opening browser 'Chrome' to base url 'https://app.deriv.com'.</msg>
<status status="PASS" starttime="20230613 16:56:38.872" endtime="20230613 16:56:46.007"/>
</kw>
<kw name="Set Window Size" library="SeleniumLibrary">
<arg>1280</arg>
<arg>1024</arg>
<doc>Sets current windows size to given ``width`` and ``height``.</doc>
<status status="PASS" starttime="20230613 16:56:46.007" endtime="20230613 16:56:46.143"/>
</kw>
<kw name="Wait Until Page Contains Element" library="SeleniumLibrary">
<arg>dt_login_button</arg>
<arg>10</arg>
<doc>Waits until the element ``locator`` appears on the current page.</doc>
<status status="PASS" starttime="20230613 16:56:46.144" endtime="20230613 16:56:46.183"/>
</kw>
<kw name="Click Element" library="SeleniumLibrary">
<arg>dt_login_button</arg>
<doc>Click the element identified by ``locator``.</doc>
<msg timestamp="20230613 16:56:46.184" level="INFO">Clicking element 'dt_login_button'.</msg>
<status status="PASS" starttime="20230613 16:56:46.184" endtime="20230613 16:56:50.090"/>
</kw>
<kw name="Wait Until Page Contains Element" library="SeleniumLibrary">
<arg>txtEmail</arg>
<arg>10</arg>
<doc>Waits until the element ``locator`` appears on the current page.</doc>
<status status="PASS" starttime="20230613 16:56:50.091" endtime="20230613 16:56:50.102"/>
</kw>
<kw name="Input Text" library="SeleniumLibrary">
<arg>txtEmail</arg>
<arg>munnfaye+3@besquare.com.my</arg>
<doc>Types the given ``text`` into the text field identified by ``locator``.</doc>
<msg timestamp="20230613 16:56:50.102" level="INFO">Typing text 'munnfaye+3@besquare.com.my' into text field 'txtEmail'.</msg>
<status status="PASS" starttime="20230613 16:56:50.102" endtime="20230613 16:56:50.160"/>
</kw>
<kw name="Input Password" library="SeleniumLibrary">
<arg>password</arg>
<arg>@Bcd1234</arg>
<doc>Types the given password into the text field identified by ``locator``.</doc>
<msg timestamp="20230613 16:56:50.160" level="INFO">Typing password into text field 'password'.</msg>
<msg timestamp="20230613 16:56:50.182" level="INFO">Temporally setting log level to: NONE</msg>
<msg timestamp="20230613 16:56:50.207" level="INFO">Log level changed from NONE to INFO.</msg>
<status status="PASS" starttime="20230613 16:56:50.160" endtime="20230613 16:56:50.207"/>
</kw>
<kw name="Click Element" library="SeleniumLibrary">
<arg>//button[@name="login"]</arg>
<doc>Click the element identified by ``locator``.</doc>
<msg timestamp="20230613 16:56:50.207" level="INFO">Clicking element '//button[@name="login"]'.</msg>
<status status="PASS" starttime="20230613 16:56:50.207" endtime="20230613 16:56:52.537"/>
</kw>
<status status="PASS" starttime="20230613 16:56:38.872" endtime="20230613 16:56:52.537"/>
</kw>
<kw name="Sleep" library="BuiltIn">
<arg>5</arg>
<doc>Pauses the test executed for the given time.</doc>
<msg timestamp="20230613 16:56:57.538" level="INFO">Slept 5 seconds</msg>
<status status="PASS" starttime="20230613 16:56:52.538" endtime="20230613 16:56:57.538"/>
</kw>
<kw name="Wait Until Page Contains Element" library="SeleniumLibrary">
<arg>${account_settings}</arg>
<arg>5</arg>
<doc>Waits until the element ``locator`` appears on the current page.</doc>
<status status="PASS" starttime="20230613 16:56:57.539" endtime="20230613 16:56:57.555"/>
</kw>
<kw name="Click Element" library="SeleniumLibrary">
<arg>${account_settings}</arg>
<doc>Click the element identified by ``locator``.</doc>
<msg timestamp="20230613 16:56:57.556" level="INFO">Clicking element '//a[@href="/account/personal-details"]'.</msg>
<status status="PASS" starttime="20230613 16:56:57.555" endtime="20230613 16:56:57.655"/>
</kw>
<kw name="Sleep" library="BuiltIn">
<arg>5</arg>
<doc>Pauses the test executed for the given time.</doc>
<msg timestamp="20230613 16:57:02.656" level="INFO">Slept 5 seconds</msg>
<status status="PASS" starttime="20230613 16:56:57.655" endtime="20230613 16:57:02.656"/>
</kw>
<kw name="Wait Until Page Contains Element" library="SeleniumLibrary">
<arg>${api_generator}</arg>
<arg>5</arg>
<doc>Waits until the element ``locator`` appears on the current page.</doc>
<status status="PASS" starttime="20230613 16:57:02.656" endtime="20230613 16:57:02.669"/>
</kw>
<kw name="Click Element" library="SeleniumLibrary">
<arg>${api_generator}</arg>
<doc>Click the element identified by ``locator``.</doc>
<msg timestamp="20230613 16:57:02.671" level="INFO">Clicking element '//a[@id="dc_api-token_link"]'.</msg>
<status status="PASS" starttime="20230613 16:57:02.670" endtime="20230613 16:57:02.765"/>
</kw>
<kw name="Sleep" library="BuiltIn">
<arg>5</arg>
<doc>Pauses the test executed for the given time.</doc>
<msg timestamp="20230613 16:57:07.766" level="INFO">Slept 5 seconds</msg>
<status status="PASS" starttime="20230613 16:57:02.765" endtime="20230613 16:57:07.766"/>
</kw>
<kw name="Wait Until Page Contains Element" library="SeleniumLibrary">
<arg>//h4[text()="API token"]</arg>
<arg>5</arg>
<doc>Waits until the element ``locator`` appears on the current page.</doc>
<status status="PASS" starttime="20230613 16:57:07.766" endtime="20230613 16:57:07.793"/>
</kw>
<kw name="Select Read Option Only">
<kw name="Click Element" library="SeleniumLibrary">
<arg>//input[@name="read"]//following-sibling::span[@class="dc-text dc-checkbox__label"]</arg>
<doc>Click the element identified by ``locator``.</doc>
<msg timestamp="20230613 16:57:07.794" level="INFO">Clicking element '//input[@name="read"]//following-sibling::span[@class="dc-text dc-checkbox__label"]'.</msg>
<status status="PASS" starttime="20230613 16:57:07.793" endtime="20230613 16:57:07.881"/>
</kw>
<status status="PASS" starttime="20230613 16:57:07.793" endtime="20230613 16:57:07.882"/>
</kw>
<kw name="Create Token">
<kw name="Input Text" library="SeleniumLibrary">
<arg>token_name</arg>
<arg>${token}</arg>
<doc>Types the given ``text`` into the text field identified by ``locator``.</doc>
<msg timestamp="20230613 16:57:07.883" level="INFO">Typing text 'test' into text field 'token_name'.</msg>
<status status="PASS" starttime="20230613 16:57:07.882" endtime="20230613 16:57:08.169"/>
</kw>
<kw name="Click Element" library="SeleniumLibrary">
<arg>${create_btn}</arg>
<doc>Click the element identified by ``locator``.</doc>
<msg timestamp="20230613 16:57:08.170" level="INFO">Clicking element '//button[@class="dc-btn dc-btn__effect dc-btn--primary dc-btn__large dc-btn__button-group da-api-token__button"]'.</msg>
<status status="PASS" starttime="20230613 16:57:08.169" endtime="20230613 16:57:08.294"/>
</kw>
<status status="PASS" starttime="20230613 16:57:07.882" endtime="20230613 16:57:08.294"/>
</kw>
<status status="PASS" starttime="20230613 16:56:38.872" endtime="20230613 16:57:08.294"/>
</test>
<test id="s1-t2" name="Create Trade Token" line="71">
<kw name="Wait Until Page Contains Element" library="SeleniumLibrary">
<arg>${api_generator}</arg>
<arg>5</arg>
<doc>Waits until the element ``locator`` appears on the current page.</doc>
<status status="PASS" starttime="20230613 16:57:08.295" endtime="20230613 16:57:08.306"/>
</kw>
<kw name="Click Element" library="SeleniumLibrary">
<arg>${api_generator}</arg>
<doc>Click the element identified by ``locator``.</doc>
<msg timestamp="20230613 16:57:08.307" level="INFO">Clicking element '//a[@id="dc_api-token_link"]'.</msg>
<status status="PASS" starttime="20230613 16:57:08.306" endtime="20230613 16:57:08.402"/>
</kw>
<kw name="Sleep" library="BuiltIn">
<arg>5</arg>
<doc>Pauses the test executed for the given time.</doc>
<msg timestamp="20230613 16:57:13.403" level="INFO">Slept 5 seconds</msg>
<status status="PASS" starttime="20230613 16:57:08.402" endtime="20230613 16:57:13.403"/>
</kw>
<kw name="Wait Until Page Contains Element" library="SeleniumLibrary">
<arg>//h4[text()="API token"]</arg>
<arg>5</arg>
<doc>Waits until the element ``locator`` appears on the current page.</doc>
<status status="PASS" starttime="20230613 16:57:13.403" endtime="20230613 16:57:13.416"/>
</kw>
<kw name="Select Trade Option Only">
<kw name="Click Element" library="SeleniumLibrary">
<arg>//input[@name="trade"]//following-sibling::span[@class="dc-text dc-checkbox__label"]</arg>
<doc>Click the element identified by ``locator``.</doc>
<msg timestamp="20230613 16:57:13.417" level="INFO">Clicking element '//input[@name="trade"]//following-sibling::span[@class="dc-text dc-checkbox__label"]'.</msg>
<status status="PASS" starttime="20230613 16:57:13.417" endtime="20230613 16:57:13.499"/>
</kw>
<status status="PASS" starttime="20230613 16:57:13.416" endtime="20230613 16:57:13.499"/>
</kw>
<kw name="Create Token">
<kw name="Input Text" library="SeleniumLibrary">
<arg>token_name</arg>
<arg>${token}</arg>
<doc>Types the given ``text`` into the text field identified by ``locator``.</doc>
<msg timestamp="20230613 16:57:13.500" level="INFO">Typing text 'test' into text field 'token_name'.</msg>
<status status="PASS" starttime="20230613 16:57:13.500" endtime="20230613 16:57:13.715"/>
</kw>
<kw name="Click Element" library="SeleniumLibrary">
<arg>${create_btn}</arg>
<doc>Click the element identified by ``locator``.</doc>
<msg timestamp="20230613 16:57:13.716" level="INFO">Clicking element '//button[@class="dc-btn dc-btn__effect dc-btn--primary dc-btn__large dc-btn__button-group da-api-token__button"]'.</msg>
<status status="PASS" starttime="20230613 16:57:13.715" endtime="20230613 16:57:13.843"/>
</kw>
<status status="PASS" starttime="20230613 16:57:13.499" endtime="20230613 16:57:13.844"/>
</kw>
<status status="PASS" starttime="20230613 16:57:08.295" endtime="20230613 16:57:13.844"/>
</test>
<test id="s1-t3" name="Create Payments Token" line="79">
<kw name="Wait Until Page Contains Element" library="SeleniumLibrary">
<arg>${api_generator}</arg>
<arg>5</arg>
<doc>Waits until the element ``locator`` appears on the current page.</doc>
<status status="PASS" starttime="20230613 16:57:13.845" endtime="20230613 16:57:13.853"/>
</kw>
<kw name="Click Element" library="SeleniumLibrary">
<arg>${api_generator}</arg>
<doc>Click the element identified by ``locator``.</doc>
<msg timestamp="20230613 16:57:13.854" level="INFO">Clicking element '//a[@id="dc_api-token_link"]'.</msg>
<status status="PASS" starttime="20230613 16:57:13.853" endtime="20230613 16:57:13.946"/>
</kw>
<kw name="Sleep" library="BuiltIn">
<arg>5</arg>
<doc>Pauses the test executed for the given time.</doc>
<msg timestamp="20230613 16:57:18.946" level="INFO">Slept 5 seconds</msg>
<status status="PASS" starttime="20230613 16:57:13.946" endtime="20230613 16:57:18.947"/>
</kw>
<kw name="Wait Until Page Contains Element" library="SeleniumLibrary">
<arg>//h4[text()="API token"]</arg>
<arg>5</arg>
<doc>Waits until the element ``locator`` appears on the current page.</doc>
<status status="PASS" starttime="20230613 16:57:18.947" endtime="20230613 16:57:18.959"/>
</kw>
<kw name="Select Payments Option Only">
<kw name="Click Element" library="SeleniumLibrary">
<arg>//input[@name="payments"]//following-sibling::span[@class="dc-text dc-checkbox__label"]</arg>
<doc>Click the element identified by ``locator``.</doc>
<msg timestamp="20230613 16:57:18.960" level="INFO">Clicking element '//input[@name="payments"]//following-sibling::span[@class="dc-text dc-checkbox__label"]'.</msg>
<status status="PASS" starttime="20230613 16:57:18.960" endtime="20230613 16:57:19.031"/>
</kw>
<status status="PASS" starttime="20230613 16:57:18.959" endtime="20230613 16:57:19.031"/>
</kw>
<kw name="Create Token">
<kw name="Input Text" library="SeleniumLibrary">
<arg>token_name</arg>
<arg>${token}</arg>
<doc>Types the given ``text`` into the text field identified by ``locator``.</doc>
<msg timestamp="20230613 16:57:19.032" level="INFO">Typing text 'test' into text field 'token_name'.</msg>
<status status="PASS" starttime="20230613 16:57:19.031" endtime="20230613 16:57:19.237"/>
</kw>
<kw name="Click Element" library="SeleniumLibrary">
<arg>${create_btn}</arg>
<doc>Click the element identified by ``locator``.</doc>
<msg timestamp="20230613 16:57:19.238" level="INFO">Clicking element '//button[@class="dc-btn dc-btn__effect dc-btn--primary dc-btn__large dc-btn__button-group da-api-token__button"]'.</msg>
<status status="PASS" starttime="20230613 16:57:19.237" endtime="20230613 16:57:19.331"/>
</kw>
<status status="PASS" starttime="20230613 16:57:19.031" endtime="20230613 16:57:19.331"/>
</kw>
<status status="PASS" starttime="20230613 16:57:13.845" endtime="20230613 16:57:19.331"/>
</test>
<test id="s1-t4" name="Create Trading Information Token" line="87">
<kw name="Wait Until Page Contains Element" library="SeleniumLibrary">
<arg>${api_generator}</arg>
<arg>5</arg>
<doc>Waits until the element ``locator`` appears on the current page.</doc>
<status status="PASS" starttime="20230613 16:57:19.332" endtime="20230613 16:57:19.342"/>
</kw>
<kw name="Click Element" library="SeleniumLibrary">
<arg>${api_generator}</arg>
<doc>Click the element identified by ``locator``.</doc>
<msg timestamp="20230613 16:57:19.342" level="INFO">Clicking element '//a[@id="dc_api-token_link"]'.</msg>
<status status="PASS" starttime="20230613 16:57:19.342" endtime="20230613 16:57:19.435"/>
</kw>
<kw name="Sleep" library="BuiltIn">
<arg>5</arg>
<doc>Pauses the test executed for the given time.</doc>
<msg timestamp="20230613 16:57:24.435" level="INFO">Slept 5 seconds</msg>
<status status="PASS" starttime="20230613 16:57:19.435" endtime="20230613 16:57:24.435"/>
</kw>
<kw name="Wait Until Page Contains Element" library="SeleniumLibrary">
<arg>//h4[text()="API token"]</arg>
<arg>5</arg>
<doc>Waits until the element ``locator`` appears on the current page.</doc>
<status status="PASS" starttime="20230613 16:57:24.436" endtime="20230613 16:57:24.457"/>
</kw>
<kw name="Select Trading Information Option Only">
<kw name="Click Element" library="SeleniumLibrary">
<arg>//input[@name="trading_information"]//following-sibling::span[@class="dc-text dc-checkbox__label"]</arg>
<doc>Click the element identified by ``locator``.</doc>
<msg timestamp="20230613 16:57:24.458" level="INFO">Clicking element '//input[@name="trading_information"]//following-sibling::span[@class="dc-text dc-checkbox__label"]'.</msg>
<status status="PASS" starttime="20230613 16:57:24.458" endtime="20230613 16:57:24.550"/>
</kw>
<status status="PASS" starttime="20230613 16:57:24.458" endtime="20230613 16:57:24.550"/>
</kw>
<kw name="Create Token">
<kw name="Input Text" library="SeleniumLibrary">
<arg>token_name</arg>
<arg>${token}</arg>
<doc>Types the given ``text`` into the text field identified by ``locator``.</doc>
<msg timestamp="20230613 16:57:24.551" level="INFO">Typing text 'test' into text field 'token_name'.</msg>
<status status="PASS" starttime="20230613 16:57:24.550" endtime="20230613 16:57:24.754"/>
</kw>
<kw name="Click Element" library="SeleniumLibrary">
<arg>${create_btn}</arg>
<doc>Click the element identified by ``locator``.</doc>
<msg timestamp="20230613 16:57:24.755" level="INFO">Clicking element '//button[@class="dc-btn dc-btn__effect dc-btn--primary dc-btn__large dc-btn__button-group da-api-token__button"]'.</msg>
<status status="PASS" starttime="20230613 16:57:24.754" endtime="20230613 16:57:24.852"/>
</kw>
<status status="PASS" starttime="20230613 16:57:24.550" endtime="20230613 16:57:24.852"/>
</kw>
<status status="PASS" starttime="20230613 16:57:19.332" endtime="20230613 16:57:24.852"/>
</test>
<test id="s1-t5" name="Create Admin Token" line="95">
<kw name="Wait Until Page Contains Element" library="SeleniumLibrary">
<arg>${api_generator}</arg>
<arg>5</arg>
<doc>Waits until the element ``locator`` appears on the current page.</doc>
<status status="PASS" starttime="20230613 16:57:24.853" endtime="20230613 16:57:24.861"/>
</kw>
<kw name="Click Element" library="SeleniumLibrary">
<arg>${api_generator}</arg>
<doc>Click the element identified by ``locator``.</doc>
<msg timestamp="20230613 16:57:24.862" level="INFO">Clicking element '//a[@id="dc_api-token_link"]'.</msg>
<status status="PASS" starttime="20230613 16:57:24.861" endtime="20230613 16:57:24.950"/>
</kw>
<kw name="Sleep" library="BuiltIn">
<arg>5</arg>
<doc>Pauses the test executed for the given time.</doc>
<msg timestamp="20230613 16:57:29.951" level="INFO">Slept 5 seconds</msg>
<status status="PASS" starttime="20230613 16:57:24.950" endtime="20230613 16:57:29.951"/>
</kw>
<kw name="Wait Until Page Contains Element" library="SeleniumLibrary">
<arg>//h4[text()="API token"]</arg>
<arg>5</arg>
<doc>Waits until the element ``locator`` appears on the current page.</doc>
<status status="PASS" starttime="20230613 16:57:29.952" endtime="20230613 16:57:29.964"/>
</kw>
<kw name="Select Admin Option Only">
<kw name="Click Element" library="SeleniumLibrary">
<arg>//input[@name="admin"]//following-sibling::span[@class="dc-text dc-checkbox__label"]</arg>
<doc>Click the element identified by ``locator``.</doc>
<msg timestamp="20230613 16:57:29.965" level="INFO">Clicking element '//input[@name="admin"]//following-sibling::span[@class="dc-text dc-checkbox__label"]'.</msg>
<status status="PASS" starttime="20230613 16:57:29.965" endtime="20230613 16:57:30.039"/>
</kw>
<status status="PASS" starttime="20230613 16:57:29.964" endtime="20230613 16:57:30.039"/>
</kw>
<kw name="Create Token">
<kw name="Input Text" library="SeleniumLibrary">
<arg>token_name</arg>
<arg>${token}</arg>
<doc>Types the given ``text`` into the text field identified by ``locator``.</doc>
<msg timestamp="20230613 16:57:30.040" level="INFO">Typing text 'test' into text field 'token_name'.</msg>
<status status="PASS" starttime="20230613 16:57:30.039" endtime="20230613 16:57:30.236"/>
</kw>
<kw name="Click Element" library="SeleniumLibrary">
<arg>${create_btn}</arg>
<doc>Click the element identified by ``locator``.</doc>
<msg timestamp="20230613 16:57:30.236" level="INFO">Clicking element '//button[@class="dc-btn dc-btn__effect dc-btn--primary dc-btn__large dc-btn__button-group da-api-token__button"]'.</msg>
<status status="PASS" starttime="20230613 16:57:30.236" endtime="20230613 16:57:30.314"/>
</kw>
<status status="PASS" starttime="20230613 16:57:30.039" endtime="20230613 16:57:30.314"/>
</kw>
<status status="PASS" starttime="20230613 16:57:24.853" endtime="20230613 16:57:30.314"/>
</test>
<test id="s1-t6" name="Name Token With Special Characters" line="103">
<kw name="Wait Until Page Contains Element" library="SeleniumLibrary">
<arg>${api_generator}</arg>
<arg>5</arg>
<doc>Waits until the element ``locator`` appears on the current page.</doc>
<status status="PASS" starttime="20230613 16:57:30.315" endtime="20230613 16:57:30.324"/>
</kw>
<kw name="Click Element" library="SeleniumLibrary">
<arg>${api_generator}</arg>
<doc>Click the element identified by ``locator``.</doc>
<msg timestamp="20230613 16:57:30.326" level="INFO">Clicking element '//a[@id="dc_api-token_link"]'.</msg>
<status status="PASS" starttime="20230613 16:57:30.325" endtime="20230613 16:57:30.426"/>
</kw>
<kw name="Sleep" library="BuiltIn">
<arg>5</arg>
<doc>Pauses the test executed for the given time.</doc>
<msg timestamp="20230613 16:57:35.426" level="INFO">Slept 5 seconds</msg>
<status status="PASS" starttime="20230613 16:57:30.426" endtime="20230613 16:57:35.426"/>
</kw>
<kw name="Wait Until Page Contains Element" library="SeleniumLibrary">
<arg>//h4[text()="API token"]</arg>
<arg>5</arg>
<doc>Waits until the element ``locator`` appears on the current page.</doc>
<status status="PASS" starttime="20230613 16:57:35.427" endtime="20230613 16:57:35.440"/>
</kw>
<kw name="Select Payments Option Only">
<kw name="Click Element" library="SeleniumLibrary">
<arg>//input[@name="payments"]//following-sibling::span[@class="dc-text dc-checkbox__label"]</arg>
<doc>Click the element identified by ``locator``.</doc>
<msg timestamp="20230613 16:57:35.441" level="INFO">Clicking element '//input[@name="payments"]//following-sibling::span[@class="dc-text dc-checkbox__label"]'.</msg>
<status status="PASS" starttime="20230613 16:57:35.440" endtime="20230613 16:57:35.505"/>
</kw>
<status status="PASS" starttime="20230613 16:57:35.440" endtime="20230613 16:57:35.505"/>
</kw>
<kw name="Sleep" library="BuiltIn">
<arg>5</arg>
<doc>Pauses the test executed for the given time.</doc>
<msg timestamp="20230613 16:57:40.506" level="INFO">Slept 5 seconds</msg>
<status status="PASS" starttime="20230613 16:57:35.505" endtime="20230613 16:57:40.506"/>
</kw>
<kw name="Input Text" library="SeleniumLibrary">
<arg>token_name</arg>
<arg>${special_char}</arg>
<doc>Types the given ``text`` into the text field identified by ``locator``.</doc>
<msg timestamp="20230613 16:57:40.507" level="INFO">Typing text '!@#$%^&amp;*' into text field 'token_name'.</msg>
<status status="PASS" starttime="20230613 16:57:40.506" endtime="20230613 16:57:40.819"/>
</kw>
<kw name="Click Element" library="SeleniumLibrary">
<arg>${create_btn}</arg>
<doc>Click the element identified by ``locator``.</doc>
<msg timestamp="20230613 16:57:40.820" level="INFO">Clicking element '//button[@class="dc-btn dc-btn__effect dc-btn--primary dc-btn__large dc-btn__button-group da-api-token__button"]'.</msg>
<status status="PASS" starttime="20230613 16:57:40.820" endtime="20230613 16:57:40.856"/>
</kw>
<kw name="Element Should Be Disabled" library="SeleniumLibrary">
<arg>${create_btn}</arg>
<doc>Verifies that element identified by ``locator`` is disabled.</doc>
<status status="PASS" starttime="20230613 16:57:40.856" endtime="20230613 16:57:40.870"/>
</kw>
<kw name="Press Keys" library="SeleniumLibrary">
<arg>token_name</arg>
<arg>CTRL+A+BACKSPACE</arg>
<doc>Simulates the user pressing key(s) to an element or on the active browser.</doc>
<msg timestamp="20230613 16:57:40.871" level="INFO">Sending key(s) ('CTRL+A+BACKSPACE',) to token_name element.</msg>
<msg timestamp="20230613 16:57:41.163" level="INFO">Pressing special key CONTROL down.</msg>
<msg timestamp="20230613 16:57:41.163" level="INFO">Sending key A</msg>
<msg timestamp="20230613 16:57:41.164" level="INFO">Pressing special key BACKSPACE down.</msg>
<msg timestamp="20230613 16:57:41.164" level="INFO">Releasing special key CONTROL.</msg>
<msg timestamp="20230613 16:57:41.164" level="INFO">Releasing special key BACKSPACE.</msg>
<status status="PASS" starttime="20230613 16:57:40.871" endtime="20230613 16:57:41.219"/>
</kw>
<kw name="Unselect Payments Option">
<kw name="Click Element" library="SeleniumLibrary">
<arg>//input[@name="payments"]//following-sibling::span[@class="dc-text dc-checkbox__label"]</arg>
<doc>Click the element identified by ``locator``.</doc>
<msg timestamp="20230613 16:57:41.220" level="INFO">Clicking element '//input[@name="payments"]//following-sibling::span[@class="dc-text dc-checkbox__label"]'.</msg>
<status status="PASS" starttime="20230613 16:57:41.219" endtime="20230613 16:57:41.289"/>
</kw>
<status status="PASS" starttime="20230613 16:57:41.219" endtime="20230613 16:57:41.289"/>
</kw>
<status status="PASS" starttime="20230613 16:57:30.315" endtime="20230613 16:57:41.289"/>
</test>
<test id="s1-t7" name="Token Without Name" line="116">
<kw name="Wait Until Page Contains Element" library="SeleniumLibrary">
<arg>${api_generator}</arg>
<arg>5</arg>
<doc>Waits until the element ``locator`` appears on the current page.</doc>
<status status="PASS" starttime="20230613 16:57:41.290" endtime="20230613 16:57:41.297"/>
</kw>
<kw name="Click Element" library="SeleniumLibrary">
<arg>${api_generator}</arg>
<doc>Click the element identified by ``locator``.</doc>
<msg timestamp="20230613 16:57:41.298" level="INFO">Clicking element '//a[@id="dc_api-token_link"]'.</msg>
<status status="PASS" starttime="20230613 16:57:41.297" endtime="20230613 16:57:41.399"/>
</kw>
<kw name="Sleep" library="BuiltIn">
<arg>5</arg>
<doc>Pauses the test executed for the given time.</doc>
<msg timestamp="20230613 16:57:46.400" level="INFO">Slept 5 seconds</msg>
<status status="PASS" starttime="20230613 16:57:41.400" endtime="20230613 16:57:46.400"/>
</kw>
<kw name="Wait Until Page Contains Element" library="SeleniumLibrary">
<arg>//h4[text()="API token"]</arg>
<arg>5</arg>
<doc>Waits until the element ``locator`` appears on the current page.</doc>
<status status="PASS" starttime="20230613 16:57:46.401" endtime="20230613 16:57:46.413"/>
</kw>
<kw name="Select Payments Option Only">
<kw name="Click Element" library="SeleniumLibrary">
<arg>//input[@name="payments"]//following-sibling::span[@class="dc-text dc-checkbox__label"]</arg>
<doc>Click the element identified by ``locator``.</doc>
<msg timestamp="20230613 16:57:46.415" level="INFO">Clicking element '//input[@name="payments"]//following-sibling::span[@class="dc-text dc-checkbox__label"]'.</msg>
<status status="PASS" starttime="20230613 16:57:46.414" endtime="20230613 16:57:46.472"/>
</kw>
<status status="PASS" starttime="20230613 16:57:46.413" endtime="20230613 16:57:46.472"/>
</kw>
<kw name="Sleep" library="BuiltIn">
<arg>5</arg>
<doc>Pauses the test executed for the given time.</doc>
<msg timestamp="20230613 16:57:51.473" level="INFO">Slept 5 seconds</msg>
<status status="PASS" starttime="20230613 16:57:46.473" endtime="20230613 16:57:51.473"/>
</kw>
<kw name="Input Text" library="SeleniumLibrary">
<arg>token_name</arg>
<arg>${token}</arg>
<doc>Types the given ``text`` into the text field identified by ``locator``.</doc>
<msg timestamp="20230613 16:57:51.475" level="INFO">Typing text 'test' into text field 'token_name'.</msg>
<status status="PASS" starttime="20230613 16:57:51.474" endtime="20230613 16:57:51.757"/>
</kw>
<kw name="Press Keys" library="SeleniumLibrary">
<arg>token_name</arg>
<arg>CTRL+A+BACKSPACE</arg>
<doc>Simulates the user pressing key(s) to an element or on the active browser.</doc>
<msg timestamp="20230613 16:57:51.758" level="INFO">Sending key(s) ('CTRL+A+BACKSPACE',) to token_name element.</msg>
<msg timestamp="20230613 16:57:52.055" level="INFO">Pressing special key CONTROL down.</msg>
<msg timestamp="20230613 16:57:52.055" level="INFO">Sending key A</msg>
<msg timestamp="20230613 16:57:52.055" level="INFO">Pressing special key BACKSPACE down.</msg>
<msg timestamp="20230613 16:57:52.055" level="INFO">Releasing special key CONTROL.</msg>
<msg timestamp="20230613 16:57:52.055" level="INFO">Releasing special key BACKSPACE.</msg>
<status status="PASS" starttime="20230613 16:57:51.758" endtime="20230613 16:57:52.108"/>
</kw>
<kw name="Wait Until Page Contains Element" library="SeleniumLibrary">
<arg>${name_error}</arg>
<arg>5</arg>
<doc>Waits until the element ``locator`` appears on the current page.</doc>
<status status="PASS" starttime="20230613 16:57:52.108" endtime="20230613 16:57:52.119"/>
</kw>
<kw name="Click Element" library="SeleniumLibrary">
<arg>${create_btn}</arg>
<doc>Click the element identified by ``locator``.</doc>
<msg timestamp="20230613 16:57:52.119" level="INFO">Clicking element '//button[@class="dc-btn dc-btn__effect dc-btn--primary dc-btn__large dc-btn__button-group da-api-token__button"]'.</msg>
<status status="PASS" starttime="20230613 16:57:52.119" endtime="20230613 16:57:52.150"/>
</kw>
<kw name="Element Should Be Disabled" library="SeleniumLibrary">
<arg>${create_btn}</arg>
<doc>Verifies that element identified by ``locator`` is disabled.</doc>
<status status="PASS" starttime="20230613 16:57:52.150" endtime="20230613 16:57:52.164"/>
</kw>
<kw name="Unselect Payments Option">
<kw name="Click Element" library="SeleniumLibrary">
<arg>//input[@name="payments"]//following-sibling::span[@class="dc-text dc-checkbox__label"]</arg>
<doc>Click the element identified by ``locator``.</doc>
<msg timestamp="20230613 16:57:52.165" level="INFO">Clicking element '//input[@name="payments"]//following-sibling::span[@class="dc-text dc-checkbox__label"]'.</msg>
<status status="PASS" starttime="20230613 16:57:52.165" endtime="20230613 16:57:52.250"/>
</kw>
<status status="PASS" starttime="20230613 16:57:52.164" endtime="20230613 16:57:52.250"/>
</kw>
<status status="PASS" starttime="20230613 16:57:41.290" endtime="20230613 16:57:52.251"/>
</test>
<test id="s1-t8" name="Token Name With More Than 32 Characters" line="130">
<kw name="Wait Until Page Contains Element" library="SeleniumLibrary">
<arg>${api_generator}</arg>
<arg>5</arg>
<doc>Waits until the element ``locator`` appears on the current page.</doc>
<status status="PASS" starttime="20230613 16:57:52.252" endtime="20230613 16:57:52.272"/>
</kw>
<kw name="Click Element" library="SeleniumLibrary">
<arg>${api_generator}</arg>
<doc>Click the element identified by ``locator``.</doc>
<msg timestamp="20230613 16:57:52.272" level="INFO">Clicking element '//a[@id="dc_api-token_link"]'.</msg>
<status status="PASS" starttime="20230613 16:57:52.272" endtime="20230613 16:57:52.369"/>
</kw>
<kw name="Sleep" library="BuiltIn">
<arg>5</arg>
<doc>Pauses the test executed for the given time.</doc>
<msg timestamp="20230613 16:57:57.370" level="INFO">Slept 5 seconds</msg>
<status status="PASS" starttime="20230613 16:57:52.370" endtime="20230613 16:57:57.370"/>
</kw>
<kw name="Wait Until Page Contains Element" library="SeleniumLibrary">
<arg>//h4[text()="API token"]</arg>
<arg>5</arg>
<doc>Waits until the element ``locator`` appears on the current page.</doc>
<status status="PASS" starttime="20230613 16:57:57.371" endtime="20230613 16:57:57.384"/>
</kw>
<kw name="Select Payments Option Only">
<kw name="Click Element" library="SeleniumLibrary">
<arg>//input[@name="payments"]//following-sibling::span[@class="dc-text dc-checkbox__label"]</arg>
<doc>Click the element identified by ``locator``.</doc>
<msg timestamp="20230613 16:57:57.385" level="INFO">Clicking element '//input[@name="payments"]//following-sibling::span[@class="dc-text dc-checkbox__label"]'.</msg>
<status status="PASS" starttime="20230613 16:57:57.384" endtime="20230613 16:57:57.445"/>
</kw>
<status status="PASS" starttime="20230613 16:57:57.384" endtime="20230613 16:57:57.446"/>
</kw>
<kw name="Sleep" library="BuiltIn">
<arg>5</arg>
<doc>Pauses the test executed for the given time.</doc>
<msg timestamp="20230613 16:58:02.446" level="INFO">Slept 5 seconds</msg>
<status status="PASS" starttime="20230613 16:57:57.446" endtime="20230613 16:58:02.446"/>
</kw>
<kw name="Input Text" library="SeleniumLibrary">
<arg>token_name</arg>
<arg>${40_char}</arg>
<doc>Types the given ``text`` into the text field identified by ``locator``.</doc>
<msg timestamp="20230613 16:58:02.448" level="INFO">Typing text 'Loremipsumdolorsitametconsecteturadipisc' into text field 'token_name'.</msg>
<status status="PASS" starttime="20230613 16:58:02.447" endtime="20230613 16:58:03.593"/>
</kw>
<kw name="Wait Until Page Contains Element" library="SeleniumLibrary">
<arg>${max_char_error}</arg>
<arg>5</arg>
<doc>Waits until the element ``locator`` appears on the current page.</doc>
<status status="PASS" starttime="20230613 16:58:03.593" endtime="20230613 16:58:03.609"/>
</kw>
<kw name="Click Element" library="SeleniumLibrary">
<arg>${create_btn}</arg>
<doc>Click the element identified by ``locator``.</doc>
<msg timestamp="20230613 16:58:03.610" level="INFO">Clicking element '//button[@class="dc-btn dc-btn__effect dc-btn--primary dc-btn__large dc-btn__button-group da-api-token__button"]'.</msg>
<status status="PASS" starttime="20230613 16:58:03.610" endtime="20230613 16:58:03.645"/>
</kw>
<kw name="Element Should Be Disabled" library="SeleniumLibrary">
<arg>${create_btn}</arg>
<doc>Verifies that element identified by ``locator`` is disabled.</doc>
<status status="PASS" starttime="20230613 16:58:03.646" endtime="20230613 16:58:03.659"/>
</kw>
<kw name="Unselect Payments Option">
<kw name="Click Element" library="SeleniumLibrary">
<arg>//input[@name="payments"]//following-sibling::span[@class="dc-text dc-checkbox__label"]</arg>
<doc>Click the element identified by ``locator``.</doc>
<msg timestamp="20230613 16:58:03.660" level="INFO">Clicking element '//input[@name="payments"]//following-sibling::span[@class="dc-text dc-checkbox__label"]'.</msg>
<status status="PASS" starttime="20230613 16:58:03.659" endtime="20230613 16:58:03.738"/>
</kw>
<status status="PASS" starttime="20230613 16:58:03.659" endtime="20230613 16:58:03.738"/>
</kw>
<kw name="Press Keys" library="SeleniumLibrary">
<arg>token_name</arg>
<arg>CTRL+A+BACKSPACE</arg>
<doc>Simulates the user pressing key(s) to an element or on the active browser.</doc>
<msg timestamp="20230613 16:58:03.740" level="INFO">Sending key(s) ('CTRL+A+BACKSPACE',) to token_name element.</msg>
<msg timestamp="20230613 16:58:04.031" level="INFO">Pressing special key CONTROL down.</msg>
<msg timestamp="20230613 16:58:04.031" level="INFO">Sending key A</msg>
<msg timestamp="20230613 16:58:04.031" level="INFO">Pressing special key BACKSPACE down.</msg>
<msg timestamp="20230613 16:58:04.031" level="INFO">Releasing special key CONTROL.</msg>
<msg timestamp="20230613 16:58:04.031" level="INFO">Releasing special key BACKSPACE.</msg>
<status status="PASS" starttime="20230613 16:58:03.739" endtime="20230613 16:58:04.097"/>
</kw>
<status status="PASS" starttime="20230613 16:57:52.251" endtime="20230613 16:58:04.097"/>
</test>
<test id="s1-t9" name="Token Name With 1 Character" line="144">
<kw name="Wait Until Page Contains Element" library="SeleniumLibrary">
<arg>${api_generator}</arg>
<arg>5</arg>
<doc>Waits until the element ``locator`` appears on the current page.</doc>
<status status="PASS" starttime="20230613 16:58:04.099" endtime="20230613 16:58:04.107"/>
</kw>
<kw name="Click Element" library="SeleniumLibrary">
<arg>${api_generator}</arg>
<doc>Click the element identified by ``locator``.</doc>
<msg timestamp="20230613 16:58:04.108" level="INFO">Clicking element '//a[@id="dc_api-token_link"]'.</msg>
<status status="PASS" starttime="20230613 16:58:04.107" endtime="20230613 16:58:04.202"/>
</kw>
<kw name="Sleep" library="BuiltIn">
<arg>5</arg>
<doc>Pauses the test executed for the given time.</doc>
<msg timestamp="20230613 16:58:09.202" level="INFO">Slept 5 seconds</msg>
<status status="PASS" starttime="20230613 16:58:04.202" endtime="20230613 16:58:09.203"/>
</kw>
<kw name="Wait Until Page Contains Element" library="SeleniumLibrary">
<arg>//h4[text()="API token"]</arg>
<arg>5</arg>
<doc>Waits until the element ``locator`` appears on the current page.</doc>
<status status="PASS" starttime="20230613 16:58:09.203" endtime="20230613 16:58:09.215"/>
</kw>
<kw name="Select Payments Option Only">
<kw name="Click Element" library="SeleniumLibrary">
<arg>//input[@name="payments"]//following-sibling::span[@class="dc-text dc-checkbox__label"]</arg>
<doc>Click the element identified by ``locator``.</doc>
<msg timestamp="20230613 16:58:09.216" level="INFO">Clicking element '//input[@name="payments"]//following-sibling::span[@class="dc-text dc-checkbox__label"]'.</msg>
<status status="PASS" starttime="20230613 16:58:09.215" endtime="20230613 16:58:09.274"/>
</kw>
<status status="PASS" starttime="20230613 16:58:09.215" endtime="20230613 16:58:09.274"/>
</kw>
<kw name="Sleep" library="BuiltIn">
<arg>5</arg>
<doc>Pauses the test executed for the given time.</doc>
<msg timestamp="20230613 16:58:14.275" level="INFO">Slept 5 seconds</msg>
<status status="PASS" starttime="20230613 16:58:09.275" endtime="20230613 16:58:14.275"/>
</kw>
<kw name="Input Text" library="SeleniumLibrary">
<arg>token_name</arg>
<arg>${1_char}</arg>
<doc>Types the given ``text`` into the text field identified by ``locator``.</doc>
<msg timestamp="20230613 16:58:14.277" level="INFO">Typing text 'a' into text field 'token_name'.</msg>
<status status="PASS" starttime="20230613 16:58:14.276" endtime="20230613 16:58:14.376"/>
</kw>
<kw name="Wait Until Page Contains Element" library="SeleniumLibrary">
<arg>${min_char_error}</arg>
<arg>5</arg>
<doc>Waits until the element ``locator`` appears on the current page.</doc>
<status status="PASS" starttime="20230613 16:58:14.377" endtime="20230613 16:58:14.393"/>
</kw>
<kw name="Click Element" library="SeleniumLibrary">
<arg>${create_btn}</arg>
<doc>Click the element identified by ``locator``.</doc>
<msg timestamp="20230613 16:58:14.394" level="INFO">Clicking element '//button[@class="dc-btn dc-btn__effect dc-btn--primary dc-btn__large dc-btn__button-group da-api-token__button"]'.</msg>
<status status="PASS" starttime="20230613 16:58:14.393" endtime="20230613 16:58:14.434"/>
</kw>
<kw name="Element Should Be Disabled" library="SeleniumLibrary">
<arg>${create_btn}</arg>
<doc>Verifies that element identified by ``locator`` is disabled.</doc>
<status status="PASS" starttime="20230613 16:58:14.434" endtime="20230613 16:58:14.451"/>
</kw>
<status status="PASS" starttime="20230613 16:58:04.098" endtime="20230613 16:58:14.451"/>
</test>
<status status="PASS" starttime="20230613 16:56:38.760" endtime="20230613 16:58:14.451"/>
</suite>
<statistics>
<total>
<stat pass="9" fail="0" skip="0">All Tests</stat>
</total>
<tag>
</tag>
<suite>
<stat pass="9" fail="0" skip="0" id="s1" name="Assignment1">Assignment1</stat>
</suite>
</statistics>
<errors>
</errors>
</robot>
